id_starname pimen
dust: none
teff 5980 130
logg 4.38 0.01
feh 0.07 0.07
lum -99 0
gmag -99 0
rmag -99 0
imag -99 0
zmag -99 0
jmag -99 0
hmag -99 0
kmag -99 0
gamag -99 0
bpmag -99 0
rpmag -99 0
parallax 0.054683 3.5e-05
bmag -99 0
vmag -99 0
btmag -99 0
vtmag 5.721 0.009000000000000001
numax -99 0
dnu -99 0
dmag -99.0 -99.0
ra 84.287
dec -80.47
Fitting for reddening.
using max distance: 18.400000000000002
using min distance: 18.200000000000003
   
teff(K): 5980 +/- 130
dis(pc): 18.287204872048722 + 0.011588115881160377 - 0.011602116021158793
av(mag): 0.0 + 0.0 - 0.0
rad(rsun): 1.1213441534729385 + 0.05229254327275057 - 0.04931901744024114
lum(lsun): 1.4440215867284403 + 0.04013691419730714 - 0.03865465283437497
mabs( vtmag ): 4.41030452272681 + 0.0294598863001152 - 0.02976649599422032
fbol(cgs): 1.3814969038627393e-07 + 3.8263583198136465e-09 - 3.696205010367562e-09
mass(msun): 0.0 + 0.0 - 0.0
density(rhosun): 0.0 + 0.0 - 0.0
-----
created output/pimen/posteriors.png
created output/pimen/output.csv
