id_starname zetatuc
dust: none
teff 5924 129
logg 4.38 0.01
feh -0.21 0.09
lum -99 0
gmag -99 0
rmag -99 0
imag -99 0
zmag -99 0
jmag -99 0
hmag -99 0
kmag -99 0
gamag -99 0
bpmag -99 0
rpmag -99 0
parallax 0.11617999999999999 0.000133
bmag -99 0
vmag -99 0
btmag -99 0
vtmag 4.2860000000000005 0.009000000000000001
numax -99 0
dnu -99 0
dmag -99.0 -99.0
ra 5.02
dec -64.87
Fitting for reddening.
using max distance: 8.7
using min distance: 8.5
   
teff(K): 5924 +/- 129
dis(pc): 8.607342073420734 + 0.00975909759097604 - 0.009763097630976603
av(mag): 0.0 + 0.0 - 0.0
rad(rsun): 1.05515378992719 + 0.049286664498334076 - 0.046522733519910764
lum(lsun): 1.2313557122300143 + 0.03432754631955626 - 0.033039228575455715
mabs( vtmag ): 4.611685620754881 + 0.029529990088363434 - 0.02985376557444397
fbol(cgs): 5.317557552178402e-07 + 1.4728140558242096e-08 - 1.4227163891806654e-08
mass(msun): 0.0 + 0.0 - 0.0
density(rhosun): 0.0 + 0.0 - 0.0
-----
created output/zetatuc/posteriors.png
created output/zetatuc/output.csv
