id_starname zetatuc
dust: none
teff 5924 129
logg 4.38 0.01
feh -0.21 0.09
lum -99 0
gmag -99 0
rmag -99 0
imag -99 0
zmag -99 0
jmag -99 0
hmag -99 0
kmag -99 0
gamag -99 0
bpmag -99 0
rpmag -99 0
parallax 0.11617999999999999 0.000133
bmag -99 0
vmag -99 0
btmag 4.9 0.013999999999999999
vtmag 4.2860000000000005 0.009000000000000001
numax -99 0
dnu -99 0
dmag -99.0 -99.0
ra 5.02
dec -64.87
Fitting for reddening.
using max distance: 8.7
using min distance: 8.5
   
teff(K): 5924 +/- 129
dis(pc): 8.607342073420734 + 0.00975909759097604 - 0.009763097630976603
av(mag): 0.0 + 0.0 - 0.0
rad(rsun): 1.0535355704782794 + 0.049603811408684306 - 0.04661749958872563
lum(lsun): 1.2277499067736715 + 0.03631166953209841 - 0.035008147761121045
mabs( btmag ): 5.225641699673793 + 0.03140871311908011 - 0.031645801109688065
fbol(cgs): 5.301920773061478e-07 + 1.5629323282521243e-08 - 1.5081176500840395e-08
mass(msun): 0.0 + 0.0 - 0.0
density(rhosun): 0.0 + 0.0 - 0.0
-----
created output/zetatuc/posteriors.png
created output/zetatuc/output.csv
