id_starname gammapav
dust: none
teff 6168 133
logg 4.4 0.01
feh -0.66 0.09
lum -99 0
gmag -99 0
rmag -99 0
imag -99 0
zmag -99 0
jmag -99 0
hmag -99 0
kmag -99 0
gamag -99 0
bpmag -99 0
rpmag -99 0
parallax 0.10801 0.000106
bmag -99 0
vmag -99 0
btmag 4.783 0.013999999999999999
vtmag 4.276 0.009000000000000001
numax -99 0
dnu -99 0
dmag -99.0 -99.0
ra 321.61
dec -65.37
Fitting for reddening.
using max distance: 9.4
using min distance: 9.2
   
teff(K): 6168 +/- 133
dis(pc): 9.25840458404584 + 0.008996409964099783 - 0.009004090040900081
av(mag): 0.0 + 0.0 - 0.0
rad(rsun): 1.0495120626164764 + 0.04899075101204042 - 0.04604770858215823
lum(lsun): 1.4319111262006672 + 0.04236352179588776 - 0.04076136580246703
mabs( btmag ): 4.950312235835671 + 0.03135544589439654 - 0.0316558342960942
fbol(cgs): 5.344506406968792e-07 + 1.5754859794290815e-08 - 1.5202310234980273e-08
mass(msun): 0.0 + 0.0 - 0.0
density(rhosun): 0.0 + 0.0 - 0.0
-----
created output/gammapav/posteriors.png
created output/gammapav/output.csv
