id_starname pimen
dust: none
teff 5980 130
logg 4.38 0.01
feh 0.07 0.07
lum -99 0
gmag -99 0
rmag -99 0
imag -99 0
zmag -99 0
jmag -99 0
hmag -99 0
kmag -99 0
gamag -99 0
bpmag -99 0
rpmag -99 0
parallax 0.054683 3.5e-05
bmag -99 0
vmag -99 0
btmag 6.381 0.013999999999999999
vtmag 5.721 0.009000000000000001
numax -99 0
dnu -99 0
dmag -99.0 -99.0
ra 84.287
dec -80.47
Fitting for reddening.
using max distance: 18.400000000000002
using min distance: 18.200000000000003
   
teff(K): 5980 +/- 130
dis(pc): 18.287204872048722 + 0.011588115881160377 - 0.011602116021158793
av(mag): 0.0 + 0.0 - 0.0
rad(rsun): 1.1057698835165768 + 0.05192929609109065 - 0.04889163333987012
lum(lsun): 1.404316290002702 + 0.04149724365186702 - 0.03995204443717082
mabs( btmag ): 5.070254145500527 + 0.03133650969568791 - 0.03161838001706485
fbol(cgs): 1.3434862807975348e-07 + 3.960410256393189e-09 - 3.821511975454622e-09
mass(msun): 0.0 + 0.0 - 0.0
density(rhosun): 0.0 + 0.0 - 0.0
-----
created output/pimen/posteriors.png
created output/pimen/output.csv
